## SLURM PROLOG ###############################################################
##    Job ID : 14544363
##  Job Name : train.sh
##  Nodelist : node1913
##      CPUs : 1
##  Mem/Node : 65536 MB
## Directory : /oscar/home/edfarber/penet-research/penet-model
##   Job Started : Wed Nov 26 05:10:31 PM EST 2025
###############################################################################
Traceback (most recent call last):
  File "/oscar/home/edfarber/penet-research/penet-model/train.py", line 81, in <module>
    train(args_)
    ~~~~~^^^^^^^
  File "/oscar/home/edfarber/penet-research/penet-model/train.py", line 22, in train
    model.load_pretrained(args.ckpt_path, args.gpu_ids)
    ~~~~~~~~~~~~~~~~~~~~~^^^^^^^^^^^^^^^^^^^^^^^^^^^^^^
  File "/oscar/home/edfarber/penet-research/penet-model/models/penet_classifier.py", line 116, in load_pretrained
    pretrained_dict = torch.load(ckpt_path, map_location=device, weights_only=False)['model_state']
                      ~~~~~~~~~~^^^^^^^^^^^^^^^^^^^^^^^^^^^^^^^^^^^^^^^^^^^^^^^^^^^^
  File "/users/edfarber/penet/.venv/lib/python3.13/site-packages/torch/serialization.py", line 1554, in load
    return _legacy_load(
        opened_file, map_location, pickle_module, **pickle_load_args
    )
  File "/users/edfarber/penet/.venv/lib/python3.13/site-packages/torch/serialization.py", line 1812, in _legacy_load
    result = unpickler.load()
  File "/users/edfarber/penet/.venv/lib/python3.13/site-packages/torch/serialization.py", line 1747, in persistent_load
    obj = restore_location(obj, location)
  File "/users/edfarber/penet/.venv/lib/python3.13/site-packages/torch/serialization.py", line 1859, in restore_location
    return default_restore_location(storage, map_location)
  File "/users/edfarber/penet/.venv/lib/python3.13/site-packages/torch/serialization.py", line 698, in default_restore_location
    result = fn(storage, location)
  File "/users/edfarber/penet/.venv/lib/python3.13/site-packages/torch/serialization.py", line 636, in _deserialize
    device = _validate_device(location, backend_name)
  File "/users/edfarber/penet/.venv/lib/python3.13/site-packages/torch/serialization.py", line 605, in _validate_device
    raise RuntimeError(
    ...<5 lines>...
    )
RuntimeError: Attempting to deserialize object on a CUDA device but torch.cuda.is_available() is False. If you are running on a CPU-only machine, please use torch.load with map_location=torch.device('cpu') to map your storages to the CPU.
